<?xml version="1.0" encoding="UTF-8"?>
<testsuite xmlns:xsi="http://www.w3.org/2001/XMLSchema-instance" xsi:noNamespaceSchemaLocation="https://maven.apache.org/surefire/maven-surefire-plugin/xsd/surefire-test-report-3.0.xsd" version="3.0" name="io.github.coderodde.pathfinding.finders.BeamStackSearchFinderTest" time="0.766" tests="2" errors="0" skipped="0" failures="0">
  <properties>
[...]
</properties>
  <testcase name="debugNoPath" classname="io.github.coderodde.pathfinding.finders.BeamStackSearchFinderTest" time="0.475">
    <system-out><![CDATA[Setting beam width 1
hello
BSS: 8
BFS: 8
]]></system-out>
  </testcase>
  <testcase name="hasSolutionPath" classname="io.github.coderodde.pathfinding.finders.BeamStackSearchFinderTest" time="0.168">
    <system-out><![CDATA[Setting beam width 1
hello
BSS: 5
BFS: 5
]]></system-out>
  </testcase>
</testsuite>